[bifrost/server]2022/06/30 - 11:17:13.100	[34minfo[0m	/disk2/www/gin-vue-admin/server/initialize/router.go:32	use middleware logger
[bifrost/server]2022/06/30 - 11:17:13.101	[34minfo[0m	/disk2/www/gin-vue-admin/server/initialize/router.go:36	use middleware cors
[bifrost/server]2022/06/30 - 11:17:13.101	[34minfo[0m	/disk2/www/gin-vue-admin/server/initialize/router.go:38	register swagger handler
[bifrost/server]2022/06/30 - 11:17:13.126	[34minfo[0m	/disk2/www/gin-vue-admin/server/initialize/router.go:80	router register success
[bifrost/server]2022/06/30 - 11:17:13.126	[34minfo[0m	/disk2/www/gin-vue-admin/server/core/server.go:36	server run success on 	{"address": ":8888"}
[bifrost/server]2022/06/30 - 11:20:21.019	[34minfo[0m	/disk2/www/gin-vue-admin/server/api/v1/system/sys_initdb.go:57	前往初始化数据库
[bifrost/server]2022/06/30 - 16:07:54.378	[34minfo[0m	/disk2/www/gin-vue-admin/server/initialize/gorm.go:61	register table success
[bifrost/server]2022/06/30 - 16:07:54.416	[34minfo[0m	/disk2/www/gin-vue-admin/server/initialize/router.go:32	use middleware logger
[bifrost/server]2022/06/30 - 16:07:54.416	[34minfo[0m	/disk2/www/gin-vue-admin/server/initialize/router.go:36	use middleware cors
[bifrost/server]2022/06/30 - 16:07:54.416	[34minfo[0m	/disk2/www/gin-vue-admin/server/initialize/router.go:38	register swagger handler
[bifrost/server]2022/06/30 - 16:07:54.419	[34minfo[0m	/disk2/www/gin-vue-admin/server/initialize/router.go:80	router register success
[bifrost/server]2022/06/30 - 16:07:54.419	[34minfo[0m	/disk2/www/gin-vue-admin/server/core/server.go:36	server run success on 	{"address": ":8888"}
[bifrost/server]2022/06/30 - 16:09:23.891	[34minfo[0m	/disk2/www/gin-vue-admin/server/initialize/gorm.go:61	register table success
[bifrost/server]2022/06/30 - 16:09:23.904	[34minfo[0m	/disk2/www/gin-vue-admin/server/initialize/router.go:32	use middleware logger
[bifrost/server]2022/06/30 - 16:09:23.904	[34minfo[0m	/disk2/www/gin-vue-admin/server/initialize/router.go:36	use middleware cors
[bifrost/server]2022/06/30 - 16:09:23.904	[34minfo[0m	/disk2/www/gin-vue-admin/server/initialize/router.go:38	register swagger handler
[bifrost/server]2022/06/30 - 16:09:23.933	[34minfo[0m	/disk2/www/gin-vue-admin/server/initialize/router.go:80	router register success
[bifrost/server]2022/06/30 - 16:09:23.933	[34minfo[0m	/disk2/www/gin-vue-admin/server/core/server.go:36	server run success on 	{"address": ":8888"}
[bifrost/server]2022/06/30 - 16:09:56.698	[34minfo[0m	/disk2/www/gin-vue-admin/server/initialize/gorm.go:61	register table success
[bifrost/server]2022/06/30 - 16:09:56.710	[34minfo[0m	/disk2/www/gin-vue-admin/server/initialize/router.go:32	use middleware logger
[bifrost/server]2022/06/30 - 16:09:56.710	[34minfo[0m	/disk2/www/gin-vue-admin/server/initialize/router.go:36	use middleware cors
[bifrost/server]2022/06/30 - 16:09:56.710	[34minfo[0m	/disk2/www/gin-vue-admin/server/initialize/router.go:38	register swagger handler
[bifrost/server]2022/06/30 - 16:09:56.728	[34minfo[0m	/disk2/www/gin-vue-admin/server/initialize/router.go:80	router register success
[bifrost/server]2022/06/30 - 16:09:56.728	[34minfo[0m	/disk2/www/gin-vue-admin/server/core/server.go:36	server run success on 	{"address": ":8888"}
[bifrost/server]2022/06/30 - 17:32:52.415	[34minfo[0m	/disk2/www/gin-vue-admin/server/initialize/gorm.go:61	register table success
[bifrost/server]2022/06/30 - 17:32:52.427	[34minfo[0m	/disk2/www/gin-vue-admin/server/initialize/router.go:32	use middleware logger
[bifrost/server]2022/06/30 - 17:32:52.427	[34minfo[0m	/disk2/www/gin-vue-admin/server/initialize/router.go:36	use middleware cors
[bifrost/server]2022/06/30 - 17:32:52.427	[34minfo[0m	/disk2/www/gin-vue-admin/server/initialize/router.go:38	register swagger handler
[bifrost/server]2022/06/30 - 17:32:52.455	[34minfo[0m	/disk2/www/gin-vue-admin/server/initialize/router.go:80	router register success
[bifrost/server]2022/06/30 - 17:32:52.456	[34minfo[0m	/disk2/www/gin-vue-admin/server/core/server.go:36	server run success on 	{"address": ":8888"}
[bifrost/server]2022/06/30 - 17:34:08.651	[34minfo[0m	/disk2/www/gin-vue-admin/server/initialize/gorm.go:61	register table success
[bifrost/server]2022/06/30 - 17:34:08.666	[34minfo[0m	/disk2/www/gin-vue-admin/server/initialize/router.go:32	use middleware logger
[bifrost/server]2022/06/30 - 17:34:08.666	[34minfo[0m	/disk2/www/gin-vue-admin/server/initialize/router.go:36	use middleware cors
[bifrost/server]2022/06/30 - 17:34:08.666	[34minfo[0m	/disk2/www/gin-vue-admin/server/initialize/router.go:38	register swagger handler
[bifrost/server]2022/06/30 - 17:34:08.684	[34minfo[0m	/disk2/www/gin-vue-admin/server/initialize/router.go:80	router register success
[bifrost/server]2022/06/30 - 17:34:08.685	[34minfo[0m	/disk2/www/gin-vue-admin/server/core/server.go:36	server run success on 	{"address": ":8888"}
[bifrost/server]2022/06/30 - 19:49:24.351	[34minfo[0m	/disk2/www/gin-vue-admin/server/initialize/gorm.go:61	register table success
[bifrost/server]2022/06/30 - 19:49:24.371	[34minfo[0m	/disk2/www/gin-vue-admin/server/initialize/router.go:32	use middleware logger
[bifrost/server]2022/06/30 - 19:49:24.371	[34minfo[0m	/disk2/www/gin-vue-admin/server/initialize/router.go:36	use middleware cors
[bifrost/server]2022/06/30 - 19:49:24.371	[34minfo[0m	/disk2/www/gin-vue-admin/server/initialize/router.go:38	register swagger handler
[bifrost/server]2022/06/30 - 19:49:24.372	[34minfo[0m	/disk2/www/gin-vue-admin/server/initialize/router.go:80	router register success
[bifrost/server]2022/06/30 - 19:49:24.372	[34minfo[0m	/disk2/www/gin-vue-admin/server/core/server.go:36	server run success on 	{"address": ":8888"}
